<?xml version="1.0" encoding="UTF-8"?>
<robot generator="Robot 6.0.2 (Python 3.11.2 on win32)" generated="20240313 11:40:53.731" rpa="false" schemaversion="3">
<suite id="s1" name="Crm" source="C:\development\robot-scripts\crm\tests\crm.robot">
<test id="s1-t1" name="Should be able to add new customer" line="15">
<kw name="Set Selenium Speed" library="SeleniumLibrary">
<arg>.2s</arg>
<doc>Sets the delay that is waited after each Selenium command.</doc>
<status status="PASS" starttime="20240313 11:40:53.945" endtime="20240313 11:40:53.945"/>
</kw>
<kw name="Set Selenium Timeout" library="SeleniumLibrary">
<arg>10s</arg>
<doc>Sets the timeout that is used by various keywords.</doc>
<status status="PASS" starttime="20240313 11:40:53.946" endtime="20240313 11:40:53.946"/>
</kw>
<kw name="Log" library="BuiltIn">
<arg>Starting the test case</arg>
<doc>Logs the given message with the given level.</doc>
<msg timestamp="20240313 11:40:53.947" level="INFO">Starting the test case</msg>
<status status="PASS" starttime="20240313 11:40:53.947" endtime="20240313 11:40:53.947"/>
</kw>
<kw name="Open Browser" library="SeleniumLibrary">
<arg>https://automationplayground.com/crm/</arg>
<arg>chrome</arg>
<doc>Opens a new browser instance to the optional ``url``.</doc>
<msg timestamp="20240313 11:40:53.947" level="INFO">Opening browser 'chrome' to base url 'https://automationplayground.com/crm/'.</msg>
<status status="PASS" starttime="20240313 11:40:53.947" endtime="20240313 11:40:56.903"/>
</kw>
<kw name="Page Should Contain" library="SeleniumLibrary">
<arg>Customers Are Priority One!</arg>
<doc>Verifies that current page contains ``text``.</doc>
<msg timestamp="20240313 11:40:57.327" level="INFO">Current page contains text 'Customers Are Priority One!'.</msg>
<status status="PASS" starttime="20240313 11:40:56.904" endtime="20240313 11:40:57.327"/>
</kw>
<kw name="Click Link" library="SeleniumLibrary">
<arg>login.html</arg>
<doc>Clicks a link identified by ``locator``.</doc>
<msg timestamp="20240313 11:40:57.329" level="INFO">Clicking link 'login.html'.</msg>
<status status="PASS" starttime="20240313 11:40:57.328" endtime="20240313 11:40:58.214"/>
</kw>
<kw name="Page Should Contain" library="SeleniumLibrary">
<arg>Login</arg>
<doc>Verifies that current page contains ``text``.</doc>
<msg timestamp="20240313 11:40:58.647" level="INFO">Current page contains text 'Login'.</msg>
<status status="PASS" starttime="20240313 11:40:58.215" endtime="20240313 11:40:58.647"/>
</kw>
<kw name="Input Text" library="SeleniumLibrary">
<arg>id=email-id</arg>
<arg>admin@robotframeworktutorial.com</arg>
<doc>Types the given ``text`` into the text field identified by ``locator``.</doc>
<msg timestamp="20240313 11:40:58.649" level="INFO">Typing text 'admin@robotframeworktutorial.com' into text field 'id=email-id'.</msg>
<status status="PASS" starttime="20240313 11:40:58.648" endtime="20240313 11:40:59.358"/>
</kw>
<kw name="Input Text" library="SeleniumLibrary">
<arg>id=password</arg>
<arg>qwe</arg>
<doc>Types the given ``text`` into the text field identified by ``locator``.</doc>
<msg timestamp="20240313 11:40:59.359" level="INFO">Typing text 'qwe' into text field 'id=password'.</msg>
<status status="PASS" starttime="20240313 11:40:59.359" endtime="20240313 11:41:00.032"/>
</kw>
<kw name="Click Button" library="SeleniumLibrary">
<arg>id=submit-id</arg>
<doc>Clicks the button identified by ``locator``.</doc>
<msg timestamp="20240313 11:41:00.032" level="INFO">Clicking button 'id=submit-id'.</msg>
<status status="PASS" starttime="20240313 11:41:00.032" endtime="20240313 11:41:01.256"/>
</kw>
<kw name="Page Should Contain" library="SeleniumLibrary">
<arg>Our Happy Customers</arg>
<doc>Verifies that current page contains ``text``.</doc>
<msg timestamp="20240313 11:41:01.736" level="INFO">Current page contains text 'Our Happy Customers'.</msg>
<status status="PASS" starttime="20240313 11:41:01.257" endtime="20240313 11:41:01.736"/>
</kw>
<kw name="Click Button" library="SeleniumLibrary">
<arg>id=new-customer</arg>
<doc>Clicks the button identified by ``locator``.</doc>
<msg timestamp="20240313 11:41:01.738" level="INFO">Clicking button 'id=new-customer'.</msg>
<msg timestamp="20240313 11:41:02.920" level="INFO" html="true">&lt;/td&gt;&lt;/tr&gt;&lt;tr&gt;&lt;td colspan="3"&gt;&lt;a href="selenium-screenshot-3.png"&gt;&lt;img src="selenium-screenshot-3.png" width="800px"&gt;&lt;/a&gt;</msg>
<msg timestamp="20240313 11:41:02.921" level="FAIL">Button with locator 'id=new-customer' not found.</msg>
<status status="FAIL" starttime="20240313 11:41:01.737" endtime="20240313 11:41:03.030"/>
</kw>
<kw name="Page Should Contain" library="SeleniumLibrary">
<arg>Add Customer</arg>
<doc>Verifies that current page contains ``text``.</doc>
<status status="NOT RUN" starttime="20240313 11:41:03.030" endtime="20240313 11:41:03.030"/>
</kw>
<kw name="Input Text" library="SeleniumLibrary">
<arg>id=EmailAddress</arg>
<arg>janedoe@gmail.com</arg>
<doc>Types the given ``text`` into the text field identified by ``locator``.</doc>
<status status="NOT RUN" starttime="20240313 11:41:03.031" endtime="20240313 11:41:03.031"/>
</kw>
<kw name="Input Text" library="SeleniumLibrary">
<arg>id=FirstName</arg>
<arg>Jane</arg>
<doc>Types the given ``text`` into the text field identified by ``locator``.</doc>
<status status="NOT RUN" starttime="20240313 11:41:03.031" endtime="20240313 11:41:03.031"/>
</kw>
<kw name="Input Text" library="SeleniumLibrary">
<arg>id=LastName</arg>
<arg>Doe</arg>
<doc>Types the given ``text`` into the text field identified by ``locator``.</doc>
<status status="NOT RUN" starttime="20240313 11:41:03.031" endtime="20240313 11:41:03.031"/>
</kw>
<kw name="Input Text" library="SeleniumLibrary">
<arg>id=City</arg>
<arg>Dallas</arg>
<doc>Types the given ``text`` into the text field identified by ``locator``.</doc>
<status status="NOT RUN" starttime="20240313 11:41:03.031" endtime="20240313 11:41:03.031"/>
</kw>
<kw name="Sleep" library="BuiltIn">
<arg>3s</arg>
<doc>Pauses the test executed for the given time.</doc>
<status status="NOT RUN" starttime="20240313 11:41:03.031" endtime="20240313 11:41:03.031"/>
</kw>
<kw name="Close Browser" library="SeleniumLibrary">
<doc>Closes the current browser.</doc>
<status status="NOT RUN" starttime="20240313 11:41:03.031" endtime="20240313 11:41:03.031"/>
</kw>
<doc>This is some basic info about the test</doc>
<tag>1006</tag>
<tag>Contacts</tag>
<tag>Smoke</tag>
<status status="FAIL" starttime="20240313 11:40:53.944" endtime="20240313 11:41:03.031">Button with locator 'id=new-customer' not found.</status>
</test>
<doc>This is some basis info about the whole suite</doc>
<status status="FAIL" starttime="20240313 11:40:53.733" endtime="20240313 11:41:03.033"/>
</suite>
<statistics>
<total>
<stat pass="0" fail="1" skip="0">All Tests</stat>
</total>
<tag>
<stat pass="0" fail="1" skip="0">1006</stat>
<stat pass="0" fail="1" skip="0">Contacts</stat>
<stat pass="0" fail="1" skip="0">Smoke</stat>
</tag>
<suite>
<stat pass="0" fail="1" skip="0" id="s1" name="Crm">Crm</stat>
</suite>
</statistics>
<errors>
</errors>
</robot>
